Using pre-set license
Built from '2022.3/staging' branch; Version is '2022.3.47f1 (88c277b85d21) revision 8962679'; Using compiler version '192829333'; Build Type 'Release'
OS: 'Windows 10  (10.0.19045) 64bit Professional' Language: 'ru' Physical Memory: 16251 MB
BatchMode: 1, IsHumanControllingUs: 0, StartBugReporterOnCrash: 0, Is64bit: 1, IsPro: 1

COMMAND LINE ARGUMENTS:
C:\Program Files\Unity\Hub\Editor\2022.3.47f1\Editor\Unity.exe
-adb2
-batchMode
-noUpm
-name
AssetImportWorker0
-projectPath
D:/ptgame/pt
-logFile
Logs/AssetImportWorker0.log
-srvPort
56511
Successfully changed project path to: D:/ptgame/pt
D:/ptgame/pt
[UnityMemory] Configuration Parameters - Can be set up in boot.config
    "memorysetup-bucket-allocator-granularity=16"
    "memorysetup-bucket-allocator-bucket-count=8"
    "memorysetup-bucket-allocator-block-size=33554432"
    "memorysetup-bucket-allocator-block-count=8"
    "memorysetup-main-allocator-block-size=16777216"
    "memorysetup-thread-allocator-block-size=16777216"
    "memorysetup-gfx-main-allocator-block-size=16777216"
    "memorysetup-gfx-thread-allocator-block-size=16777216"
    "memorysetup-cache-allocator-block-size=4194304"
    "memorysetup-typetree-allocator-block-size=2097152"
    "memorysetup-profiler-bucket-allocator-granularity=16"
    "memorysetup-profiler-bucket-allocator-bucket-count=8"
    "memorysetup-profiler-bucket-allocator-block-size=33554432"
    "memorysetup-profiler-bucket-allocator-block-count=8"
    "memorysetup-profiler-allocator-block-size=16777216"
    "memorysetup-profiler-editor-allocator-block-size=1048576"
    "memorysetup-temp-allocator-size-main=16777216"
    "memorysetup-job-temp-allocator-block-size=2097152"
    "memorysetup-job-temp-allocator-block-size-background=1048576"
    "memorysetup-job-temp-allocator-reduction-small-platforms=262144"
    "memorysetup-allocator-temp-initial-block-size-main=262144"
    "memorysetup-allocator-temp-initial-block-size-worker=262144"
    "memorysetup-temp-allocator-size-background-worker=32768"
    "memorysetup-temp-allocator-size-job-worker=262144"
    "memorysetup-temp-allocator-size-preload-manager=33554432"
    "memorysetup-temp-allocator-size-nav-mesh-worker=65536"
    "memorysetup-temp-allocator-size-audio-worker=65536"
    "memorysetup-temp-allocator-size-cloud-worker=32768"
    "memorysetup-temp-allocator-size-gi-baking-worker=262144"
    "memorysetup-temp-allocator-size-gfx=262144"
Player connection [21056]  Target information:

Player connection [21056]  * "[IP] 192.168.1.100 [Port] 0 [Flags] 2 [Guid] 347905030 [EditorId] 347905030 [Version] 1048832 [Id] WindowsEditor(7,WIN-VG8FRE1VOOR) [Debug] 1 [PackageName] WindowsEditor [ProjectName] Editor" 

Player connection [21056]  * "[IP] 26.205.25.92 [Port] 0 [Flags] 2 [Guid] 347905030 [EditorId] 347905030 [Version] 1048832 [Id] WindowsEditor(7,WIN-VG8FRE1VOOR) [Debug] 1 [PackageName] WindowsEditor [ProjectName] Editor" 

Player connection [21056] Host joined multi-casting on [225.0.0.222:54997]...
Player connection [21056] Host joined alternative multi-casting on [225.0.0.222:34997]...
[PhysX] Initialized MultithreadedTaskDispatcher with 12 workers.
Refreshing native plugins compatible for Editor in 7.78 ms, found 3 plugins.
Preloading 0 native plugins for Editor in 0.00 ms.
Initialize engine version: 2022.3.47f1 (88c277b85d21)
[Subsystems] Discovering subsystems at path C:/Program Files/Unity/Hub/Editor/2022.3.47f1/Editor/Data/Resources/UnitySubsystems
[Subsystems] Discovering subsystems at path D:/ptgame/pt/Assets
GfxDevice: creating device client; threaded=0; jobified=0
Direct3D:
    Version:  Direct3D 11.0 [level 11.1]
    Renderer: NVIDIA GeForce RTX 2060 SUPER (ID=0x1f06)
    Vendor:   NVIDIA
    VRAM:     8006 MB
    Driver:   32.0.15.6109
Initialize mono
Mono path[0] = 'C:/Program Files/Unity/Hub/Editor/2022.3.47f1/Editor/Data/Managed'
Mono path[1] = 'C:/Program Files/Unity/Hub/Editor/2022.3.47f1/Editor/Data/MonoBleedingEdge/lib/mono/unityjit-win32'
Mono config path = 'C:/Program Files/Unity/Hub/Editor/2022.3.47f1/Editor/Data/MonoBleedingEdge/etc'
Using monoOptions --debugger-agent=transport=dt_socket,embedding=1,server=y,suspend=n,address=127.0.0.1:56400
Begin MonoManager ReloadAssembly
Registering precompiled unity dll's ...
Register platform support module: C:/Program Files/Unity/Hub/Editor/2022.3.47f1/Editor/Data/PlaybackEngines/WindowsStandaloneSupport/UnityEditor.WindowsStandalone.Extensions.dll
Registered in 0.004631 seconds.
- Loaded All Assemblies, in  0.305 seconds
Native extension for WindowsStandalone target not found
Mono: successfully reloaded assembly
- Finished resetting the current domain, in  0.245 seconds
Domain Reload Profiling: 550ms
	BeginReloadAssembly (98ms)
		ExecutionOrderSort (0ms)
		DisableScriptedObjects (0ms)
		BackupInstance (0ms)
		ReleaseScriptingObjects (0ms)
		CreateAndSetChildDomain (1ms)
	RebuildCommonClasses (28ms)
	RebuildNativeTypeToScriptingClass (9ms)
	initialDomainReloadingComplete (50ms)
	LoadAllAssembliesAndSetupDomain (119ms)
		LoadAssemblies (97ms)
		RebuildTransferFunctionScriptingTraits (0ms)
		AnalyzeDomain (117ms)
			TypeCache.Refresh (116ms)
				TypeCache.ScanAssembly (106ms)
			ScanForSourceGeneratedMonoScriptInfo (0ms)
			ResolveRequiredComponents (0ms)
	FinalizeReload (246ms)
		ReleaseScriptCaches (0ms)
		RebuildScriptCaches (0ms)
		SetupLoadedEditorAssemblies (203ms)
			LogAssemblyErrors (0ms)
			InitializePlatformSupportModulesInManaged (8ms)
			SetLoadedEditorAssemblies (7ms)
			RefreshPlugins (0ms)
			BeforeProcessingInitializeOnLoad (2ms)
			ProcessInitializeOnLoadAttributes (142ms)
			ProcessInitializeOnLoadMethodAttributes (44ms)
			AfterProcessingInitializeOnLoad (0ms)
			EditorAssembliesLoaded (0ms)
		ExecutionOrderSort2 (0ms)
		AwakeInstancesAfterBackupRestoration (0ms)
========================================================================
Worker process is ready to serve import requests
Caller must complete domain reload
Begin MonoManager ReloadAssembly
- Loaded All Assemblies, in  0.716 seconds
Native extension for WindowsStandalone target not found
Mono: successfully reloaded assembly
- Finished resetting the current domain, in  0.873 seconds
Domain Reload Profiling: 1589ms
	BeginReloadAssembly (141ms)
		ExecutionOrderSort (0ms)
		DisableScriptedObjects (4ms)
		BackupInstance (0ms)
		ReleaseScriptingObjects (0ms)
		CreateAndSetChildDomain (20ms)
	RebuildCommonClasses (32ms)
	RebuildNativeTypeToScriptingClass (11ms)
	initialDomainReloadingComplete (35ms)
	LoadAllAssembliesAndSetupDomain (496ms)
		LoadAssemblies (310ms)
		RebuildTransferFunctionScriptingTraits (0ms)
		AnalyzeDomain (266ms)
			TypeCache.Refresh (223ms)
				TypeCache.ScanAssembly (207ms)
			ScanForSourceGeneratedMonoScriptInfo (29ms)
			ResolveRequiredComponents (12ms)
	FinalizeReload (874ms)
		ReleaseScriptCaches (0ms)
		RebuildScriptCaches (0ms)
		SetupLoadedEditorAssemblies (679ms)
			LogAssemblyErrors (0ms)
			InitializePlatformSupportModulesInManaged (6ms)
			SetLoadedEditorAssemblies (3ms)
			RefreshPlugins (0ms)
			BeforeProcessingInitializeOnLoad (80ms)
			ProcessInitializeOnLoadAttributes (526ms)
			ProcessInitializeOnLoadMethodAttributes (60ms)
			AfterProcessingInitializeOnLoad (3ms)
			EditorAssembliesLoaded (0ms)
		ExecutionOrderSort2 (0ms)
		AwakeInstancesAfterBackupRestoration (5ms)
Launched and connected shader compiler UnityShaderCompiler.exe after 0.05 seconds
Refreshing native plugins compatible for Editor in 3.81 ms, found 3 plugins.
Preloading 0 native plugins for Editor in 0.00 ms.
Unloading 7466 Unused Serialized files (Serialized files now loaded: 0)
Unloading 183 unused Assets / (14.3 MB). Loaded Objects now: 7810.
Memory consumption went from 346.4 MB to 332.2 MB.
Total: 12.442400 ms (FindLiveObjects: 1.246200 ms CreateObjectMapping: 0.741900 ms MarkObjects: 5.327700 ms  DeleteObjects: 5.124600 ms)

AssetImportParameters requested are different than current active one (requested -> active):
  custom:container-demuxer-ogg: 62fdf1f143b41e24485cea50d1cbac27 -> 
  custom:framework-win-MediaFoundation: 216162199b28c13a410421893ffa2e32 -> 
  custom:container-muxer-webm: aa71ff27fc2769a1b78a27578f13a17b -> 
  custom:video-decoder-webm-vp8: 9c59270c3fd7afecdb556c50c9e8de78 -> 
  custom:SearchIndexIgnoredProperties: e643bd26f0fe6173181afceb89e7c659 -> 
  custom:AudioImporter_EditorPlatform: d09bf68614088b80899f8185d706f6e7 -> 
  custom:audio-decoder-ogg-vorbis: bf7c407c2cedff20999df2af8eb42d56 -> 
  custom:audio-encoder-webm-vorbis: bf7c407c2cedff20999df2af8eb42d56 -> 
  custom:video-decoder-ogg-theora: a1e56fd34408186e4bbccfd4996cb3dc -> 
  custom:CustomObjectIndexerAttribute: 72b91833f83ae208fae7752999fa3104 -> 
  custom:container-demuxer-webm: 4f35f7cbe854078d1ac9338744f61a02 -> 
  custom:video-encoder-webm-vp8: eb34c28f22e8b96e1ab97ce403110664 -> 
========================================================================
Received Import Request.
  Time since last request: 425800.150628 seconds.
  path: Assets/Footstep Surface Reader/Scripts
  artifactKey: Guid(e2275320bfa4044409383518c0b3734a) Importer(815301076,1909f56bfc062723c751e8b465ee728b)
Start importing Assets/Footstep Surface Reader/Scripts using Guid(e2275320bfa4044409383518c0b3734a) Importer(815301076,1909f56bfc062723c751e8b465ee728b) [PhysX] Initialized MultithreadedTaskDispatcher with 12 workers.
 -> (artifact id: '6c831f85b914827d0bd75a65bfcf0ec3') in 0.003183 seconds
Number of updated asset objects reloaded before import = 0
Number of asset objects unloaded after import = 0
========================================================================
Received Import Request.
  Time since last request: 2168.601727 seconds.
  path: Assets/Footstep Surface Reader/Data/FSR_Data.asset
  artifactKey: Guid(f400a841531c48a4d982f01f44d18906) Importer(815301076,1909f56bfc062723c751e8b465ee728b)
Start importing Assets/Footstep Surface Reader/Data/FSR_Data.asset using Guid(f400a841531c48a4d982f01f44d18906) Importer(815301076,1909f56bfc062723c751e8b465ee728b) [PhysX] Initialized MultithreadedTaskDispatcher with 12 workers.
 -> (artifact id: '1c8100298e604e07e0866a111173a227') in 0.010802 seconds
Number of updated asset objects reloaded before import = 0
Number of asset objects unloaded after import = 1
========================================================================
Received Import Request.
  Time since last request: 67.191867 seconds.
  path: Assets/FSR_DATA.asset
  artifactKey: Guid(5b2f484d31c6cb94a977ace298c20ebe) Importer(815301076,1909f56bfc062723c751e8b465ee728b)
Start importing Assets/FSR_DATA.asset using Guid(5b2f484d31c6cb94a977ace298c20ebe) Importer(815301076,1909f56bfc062723c751e8b465ee728b) [PhysX] Initialized MultithreadedTaskDispatcher with 12 workers.
 -> (artifact id: '85bfc70004970e42a3e9a354ed8a81cb') in 0.001191 seconds
Number of updated asset objects reloaded before import = 0
Number of asset objects unloaded after import = 1
========================================================================
Received Import Request.
  Time since last request: 2609.193398 seconds.
  path: Assets/Audio
  artifactKey: Guid(6b73688a509c1074e88f450f278aef45) Importer(815301076,1909f56bfc062723c751e8b465ee728b)
Start importing Assets/Audio using Guid(6b73688a509c1074e88f450f278aef45) Importer(815301076,1909f56bfc062723c751e8b465ee728b) [PhysX] Initialized MultithreadedTaskDispatcher with 12 workers.
 -> (artifact id: '9e38f509bae0adc907c42c92356f7fc8') in 0.000550 seconds
Number of updated asset objects reloaded before import = 0
Number of asset objects unloaded after import = 0
========================================================================
Received Import Request.
  Time since last request: 9.336141 seconds.
  path: Assets/Audio/422853__ipaddeh__footsteps_wood_01.mp3
  artifactKey: Guid(3a59855c12fc20249b33ed93437d44aa) Importer(815301076,1909f56bfc062723c751e8b465ee728b)
Start importing Assets/Audio/422853__ipaddeh__footsteps_wood_01.mp3 using Guid(3a59855c12fc20249b33ed93437d44aa) Importer(815301076,1909f56bfc062723c751e8b465ee728b) [PhysX] Initialized MultithreadedTaskDispatcher with 12 workers.
[PhysX] Initialized MultithreadedTaskDispatcher with 12 workers.
 -> (artifact id: 'b42ea4f91089e9a63a0908e366757e39') in 0.120294 seconds
Number of updated asset objects reloaded before import = 0
Number of asset objects unloaded after import = 2
========================================================================
Received Import Request.
  Time since last request: 0.000033 seconds.
  path: Assets/Audio/506660__rudmer_rotteveel__wood-creak-single-v5.wav
  artifactKey: Guid(6df19bff12d2e9a4fa2ddafa93d0a58e) Importer(815301076,1909f56bfc062723c751e8b465ee728b)
Start importing Assets/Audio/506660__rudmer_rotteveel__wood-creak-single-v5.wav using Guid(6df19bff12d2e9a4fa2ddafa93d0a58e) Importer(815301076,1909f56bfc062723c751e8b465ee728b) [PhysX] Initialized MultithreadedTaskDispatcher with 12 workers.
[PhysX] Initialized MultithreadedTaskDispatcher with 12 workers.
 -> (artifact id: '871cbb2ff4fc8ee04b5e80ac1f9ca290') in 0.021778 seconds
Number of updated asset objects reloaded before import = 0
Number of asset objects unloaded after import = 2
========================================================================
Received Import Request.
  Time since last request: 31.906180 seconds.
  path: Assets/Audio/FSR_DATA.asset
  artifactKey: Guid(5b2f484d31c6cb94a977ace298c20ebe) Importer(815301076,1909f56bfc062723c751e8b465ee728b)
Start importing Assets/Audio/FSR_DATA.asset using Guid(5b2f484d31c6cb94a977ace298c20ebe) Importer(815301076,1909f56bfc062723c751e8b465ee728b) [PhysX] Initialized MultithreadedTaskDispatcher with 12 workers.
 -> (artifact id: 'c1f32485a39d5de9f8fda950145adecb') in 0.000883 seconds
Number of updated asset objects reloaded before import = 0
Number of asset objects unloaded after import = 1
========================================================================
Received Import Request.
  Time since last request: 6.996483 seconds.
  path: Assets/Footstep Surface Reader/Demo scene/sounds/AUDIO_footstep_ GRASS (1).wav
  artifactKey: Guid(34070d65b8396a44aaa2b268cc4e7858) Importer(815301076,1909f56bfc062723c751e8b465ee728b)
Start importing Assets/Footstep Surface Reader/Demo scene/sounds/AUDIO_footstep_ GRASS (1).wav using Guid(34070d65b8396a44aaa2b268cc4e7858) Importer(815301076,1909f56bfc062723c751e8b465ee728b) [PhysX] Initialized MultithreadedTaskDispatcher with 12 workers.
[PhysX] Initialized MultithreadedTaskDispatcher with 12 workers.
 -> (artifact id: '5bcd06c3485e712e3e3fe5d5bbdd09b7') in 0.013622 seconds
Number of updated asset objects reloaded before import = 0
Number of asset objects unloaded after import = 2
========================================================================
Received Import Request.
  Time since last request: 0.000017 seconds.
  path: Assets/Footstep Surface Reader/Demo scene/sounds/AUDIO_footstep_STONE (1).wav
  artifactKey: Guid(7eef3c19548ace64ab38167d3f075fed) Importer(815301076,1909f56bfc062723c751e8b465ee728b)
Start importing Assets/Footstep Surface Reader/Demo scene/sounds/AUDIO_footstep_STONE (1).wav using Guid(7eef3c19548ace64ab38167d3f075fed) Importer(815301076,1909f56bfc062723c751e8b465ee728b) [PhysX] Initialized MultithreadedTaskDispatcher with 12 workers.
[PhysX] Initialized MultithreadedTaskDispatcher with 12 workers.
 -> (artifact id: 'b757f9eb790e3b89a231498a17a946fb') in 0.012921 seconds
Number of updated asset objects reloaded before import = 0
Number of asset objects unloaded after import = 2
========================================================================
Received Import Request.
  Time since last request: 127.036957 seconds.
  path: Assets/Footstep Surface Reader/Demo scene/Demo FSR_Data.asset
  artifactKey: Guid(73068cd5133418944892cfa8b964ccf0) Importer(815301076,1909f56bfc062723c751e8b465ee728b)
Start importing Assets/Footstep Surface Reader/Demo scene/Demo FSR_Data.asset using Guid(73068cd5133418944892cfa8b964ccf0) Importer(815301076,1909f56bfc062723c751e8b465ee728b) [PhysX] Initialized MultithreadedTaskDispatcher with 12 workers.
 -> (artifact id: '8a4e4d1ce3c2a2d733154dcdf343a257') in 0.007400 seconds
Number of updated asset objects reloaded before import = 0
Number of asset objects unloaded after import = 5
========================================================================
Received Import Request.
  Time since last request: 209.819936 seconds.
  path: Assets/Audio/NewBehaviourScript.cs
  artifactKey: Guid(29206992b6ee1384f85fbd6f87a77bcb) Importer(815301076,1909f56bfc062723c751e8b465ee728b)
Start importing Assets/Audio/NewBehaviourScript.cs using Guid(29206992b6ee1384f85fbd6f87a77bcb) Importer(815301076,1909f56bfc062723c751e8b465ee728b) [PhysX] Initialized MultithreadedTaskDispatcher with 12 workers.
 -> (artifact id: '99c02a11d7e3ef9a3b9dfe9bbf8221d7') in 0.000687 seconds
Number of updated asset objects reloaded before import = 0
Number of asset objects unloaded after import = 0
========================================================================
Received Import Request.
  Time since last request: 37.046226 seconds.
  path: Assets/Audio/ScriptOfAudio.cs
  artifactKey: Guid(29206992b6ee1384f85fbd6f87a77bcb) Importer(815301076,1909f56bfc062723c751e8b465ee728b)
Start importing Assets/Audio/ScriptOfAudio.cs using Guid(29206992b6ee1384f85fbd6f87a77bcb) Importer(815301076,1909f56bfc062723c751e8b465ee728b) [PhysX] Initialized MultithreadedTaskDispatcher with 12 workers.
 -> (artifact id: 'ae786731e23052d6068a9a572215bf36') in 0.000608 seconds
Number of updated asset objects reloaded before import = 0
Number of asset objects unloaded after import = 0
========================================================================
Received Import Request.
  Time since last request: 43.847241 seconds.
  path: Assets/Audio/ScriptOfAudio.cs
  artifactKey: Guid(29206992b6ee1384f85fbd6f87a77bcb) Importer(815301076,1909f56bfc062723c751e8b465ee728b)
Start importing Assets/Audio/ScriptOfAudio.cs using Guid(29206992b6ee1384f85fbd6f87a77bcb) Importer(815301076,1909f56bfc062723c751e8b465ee728b) [PhysX] Initialized MultithreadedTaskDispatcher with 12 workers.
 -> (artifact id: 'd57e41d217641c5adc56bfd6d7c7bc6b') in 0.000813 seconds
Number of updated asset objects reloaded before import = 0
Number of asset objects unloaded after import = 0
========================================================================
Received Import Request.
  Time since last request: 34.091896 seconds.
  path: Assets/Audio/ScriptsOfAudio.cs
  artifactKey: Guid(c64a8c8d6dccf5044b08018ecc75d318) Importer(815301076,1909f56bfc062723c751e8b465ee728b)
Start importing Assets/Audio/ScriptsOfAudio.cs using Guid(c64a8c8d6dccf5044b08018ecc75d318) Importer(815301076,1909f56bfc062723c751e8b465ee728b) [PhysX] Initialized MultithreadedTaskDispatcher with 12 workers.
 -> (artifact id: '548de42df8618bdc22e413894376fdcc') in 0.000596 seconds
Number of updated asset objects reloaded before import = 0
Number of asset objects unloaded after import = 0
========================================================================
Received Import Request.
  Time since last request: 27.207828 seconds.
  path: Assets/Audio/ScriptsOfAudio.cs
  artifactKey: Guid(c64a8c8d6dccf5044b08018ecc75d318) Importer(815301076,1909f56bfc062723c751e8b465ee728b)
Start importing Assets/Audio/ScriptsOfAudio.cs using Guid(c64a8c8d6dccf5044b08018ecc75d318) Importer(815301076,1909f56bfc062723c751e8b465ee728b) [PhysX] Initialized MultithreadedTaskDispatcher with 12 workers.
 -> (artifact id: 'e5276faceea2aae2ab85e4874a426194') in 0.000476 seconds
Number of updated asset objects reloaded before import = 0
Number of asset objects unloaded after import = 0
========================================================================
Received Import Request.
  Time since last request: 12.762140 seconds.
  path: Assets/Audio/FSR_DATA.asset
  artifactKey: Guid(5b2f484d31c6cb94a977ace298c20ebe) Importer(815301076,1909f56bfc062723c751e8b465ee728b)
Start importing Assets/Audio/FSR_DATA.asset using Guid(5b2f484d31c6cb94a977ace298c20ebe) Importer(815301076,1909f56bfc062723c751e8b465ee728b) [PhysX] Initialized MultithreadedTaskDispatcher with 12 workers.
 -> (artifact id: 'ddf7a8202887c147eb4c53a937c03797') in 0.001554 seconds
Number of updated asset objects reloaded before import = 0
Number of asset objects unloaded after import = 3
========================================================================
Received Prepare
Caller must complete domain reload
Begin MonoManager ReloadAssembly
- Loaded All Assemblies, in  0.790 seconds
Native extension for WindowsStandalone target not found
Mono: successfully reloaded assembly
- Finished resetting the current domain, in  2.413 seconds
Domain Reload Profiling: 3202ms
	BeginReloadAssembly (295ms)
		ExecutionOrderSort (0ms)
		DisableScriptedObjects (7ms)
		BackupInstance (0ms)
		ReleaseScriptingObjects (0ms)
		CreateAndSetChildDomain (136ms)
	RebuildCommonClasses (30ms)
	RebuildNativeTypeToScriptingClass (30ms)
	initialDomainReloadingComplete (35ms)
	LoadAllAssembliesAndSetupDomain (399ms)
		LoadAssemblies (421ms)
		RebuildTransferFunctionScriptingTraits (0ms)
		AnalyzeDomain (75ms)
			TypeCache.Refresh (12ms)
				TypeCache.ScanAssembly (1ms)
			ScanForSourceGeneratedMonoScriptInfo (48ms)
			ResolveRequiredComponents (13ms)
	FinalizeReload (2413ms)
		ReleaseScriptCaches (0ms)
		RebuildScriptCaches (0ms)
		SetupLoadedEditorAssemblies (607ms)
			LogAssemblyErrors (0ms)
			InitializePlatformSupportModulesInManaged (7ms)
			SetLoadedEditorAssemblies (3ms)
			RefreshPlugins (0ms)
			BeforeProcessingInitializeOnLoad (79ms)
			ProcessInitializeOnLoadAttributes (483ms)
			ProcessInitializeOnLoadMethodAttributes (31ms)
			AfterProcessingInitializeOnLoad (3ms)
			EditorAssembliesLoaded (0ms)
		ExecutionOrderSort2 (0ms)
		AwakeInstancesAfterBackupRestoration (9ms)
Refreshing native plugins compatible for Editor in 2.68 ms, found 3 plugins.
Preloading 0 native plugins for Editor in 0.00 ms.
Unloading 7147 Unused Serialized files (Serialized files now loaded: 0)
Unloading 155 unused Assets / (14.2 MB). Loaded Objects now: 7837.
Memory consumption went from 284.2 MB to 270.0 MB.
Total: 8.586000 ms (FindLiveObjects: 0.511500 ms CreateObjectMapping: 0.518000 ms MarkObjects: 4.303900 ms  DeleteObjects: 3.251100 ms)

Prepare: number of updated asset objects reloaded= 0
AssetImportParameters requested are different than current active one (requested -> active):
  custom:container-demuxer-ogg: 62fdf1f143b41e24485cea50d1cbac27 -> 
  custom:framework-win-MediaFoundation: 216162199b28c13a410421893ffa2e32 -> 
  custom:container-muxer-webm: aa71ff27fc2769a1b78a27578f13a17b -> 
  custom:video-decoder-webm-vp8: 9c59270c3fd7afecdb556c50c9e8de78 -> 
  custom:SearchIndexIgnoredProperties: e643bd26f0fe6173181afceb89e7c659 -> 
  custom:AudioImporter_EditorPlatform: d09bf68614088b80899f8185d706f6e7 -> 
  custom:audio-decoder-ogg-vorbis: bf7c407c2cedff20999df2af8eb42d56 -> 
  custom:audio-encoder-webm-vorbis: bf7c407c2cedff20999df2af8eb42d56 -> 
  custom:scripting/precompiled-assembly-types:Assembly-CSharp: 01f633c603c4e26429b3af5b47aeb6fe -> b0427b41698287b657c849f7a7db314f
  custom:video-decoder-ogg-theora: a1e56fd34408186e4bbccfd4996cb3dc -> 
  custom:CustomObjectIndexerAttribute: 72b91833f83ae208fae7752999fa3104 -> 
  custom:container-demuxer-webm: 4f35f7cbe854078d1ac9338744f61a02 -> 
  custom:scripting/monoscript/fileName/ScriptsOfAudio.cs: 9a777ff585479e5519c5a585f2525a54 -> 
  custom:video-encoder-webm-vp8: eb34c28f22e8b96e1ab97ce403110664 -> 
========================================================================
Received Import Request.
  Time since last request: 24.159350 seconds.
  path: Assets/Audio/ScriptsOfAudio.cs
  artifactKey: Guid(c64a8c8d6dccf5044b08018ecc75d318) Importer(815301076,1909f56bfc062723c751e8b465ee728b)
Start importing Assets/Audio/ScriptsOfAudio.cs using Guid(c64a8c8d6dccf5044b08018ecc75d318) Importer(815301076,1909f56bfc062723c751e8b465ee728b) [PhysX] Initialized MultithreadedTaskDispatcher with 12 workers.
 -> (artifact id: '00000000000000000000000000000000') in 0.069726 seconds
Import Error Code:(4)
Message: Build asset version error: assets/audio/scriptsofaudio.cs in SourceAssetDB has modification time of '2024-12-11T17:12:40.7060157Z' while content on disk has modification time of '2024-12-11T17:13:21.8894372Z'
  ERROR: Build asset version error: assets/audio/scriptsofaudio.cs in SourceAssetDB has modification time of '2024-12-11T17:12:40.7060157Z' while content on disk has modification time of '2024-12-11T17:13:21.8894372Z'
Number of updated asset objects reloaded before import = 0
Number of asset objects unloaded after import = 0
========================================================================
Received Import Request.
  Time since last request: 0.000026 seconds.
  path: Assets/Audio/ScriptsOfAudio.cs
  artifactKey: Guid(c64a8c8d6dccf5044b08018ecc75d318) Importer(815301076,1909f56bfc062723c751e8b465ee728b)
Start importing Assets/Audio/ScriptsOfAudio.cs using Guid(c64a8c8d6dccf5044b08018ecc75d318) Importer(815301076,1909f56bfc062723c751e8b465ee728b) [PhysX] Initialized MultithreadedTaskDispatcher with 12 workers.
 -> (artifact id: '00000000000000000000000000000000') in 0.000449 seconds
Import Error Code:(4)
Message: Build asset version error: assets/audio/scriptsofaudio.cs in SourceAssetDB has modification time of '2024-12-11T17:12:40.7060157Z' while content on disk has modification time of '2024-12-11T17:13:21.8894372Z'
  ERROR: Build asset version error: assets/audio/scriptsofaudio.cs in SourceAssetDB has modification time of '2024-12-11T17:12:40.7060157Z' while content on disk has modification time of '2024-12-11T17:13:21.8894372Z'
Number of updated asset objects reloaded before import = 0
Number of asset objects unloaded after import = 0
========================================================================
Received Import Request.
  Time since last request: 0.008433 seconds.
  path: Assets/Audio/ScriptsOfAudio.cs
  artifactKey: Guid(c64a8c8d6dccf5044b08018ecc75d318) Importer(815301076,1909f56bfc062723c751e8b465ee728b)
Start importing Assets/Audio/ScriptsOfAudio.cs using Guid(c64a8c8d6dccf5044b08018ecc75d318) Importer(815301076,1909f56bfc062723c751e8b465ee728b) [PhysX] Initialized MultithreadedTaskDispatcher with 12 workers.
 -> (artifact id: '00000000000000000000000000000000') in 0.000490 seconds
Import Error Code:(4)
Message: Build asset version error: assets/audio/scriptsofaudio.cs in SourceAssetDB has modification time of '2024-12-11T17:12:40.7060157Z' while content on disk has modification time of '2024-12-11T17:13:21.8894372Z'
  ERROR: Build asset version error: assets/audio/scriptsofaudio.cs in SourceAssetDB has modification time of '2024-12-11T17:12:40.7060157Z' while content on disk has modification time of '2024-12-11T17:13:21.8894372Z'
Number of updated asset objects reloaded before import = 0
Number of asset objects unloaded after import = 0
========================================================================
Received Import Request.
  Time since last request: 0.001407 seconds.
  path: Assets/Audio/ScriptsOfAudio.cs
  artifactKey: Guid(c64a8c8d6dccf5044b08018ecc75d318) Importer(815301076,1909f56bfc062723c751e8b465ee728b)
Start importing Assets/Audio/ScriptsOfAudio.cs using Guid(c64a8c8d6dccf5044b08018ecc75d318) Importer(815301076,1909f56bfc062723c751e8b465ee728b) [PhysX] Initialized MultithreadedTaskDispatcher with 12 workers.
 -> (artifact id: '00000000000000000000000000000000') in 0.000438 seconds
Import Error Code:(4)
Message: Build asset version error: assets/audio/scriptsofaudio.cs in SourceAssetDB has modification time of '2024-12-11T17:12:40.7060157Z' while content on disk has modification time of '2024-12-11T17:13:21.8894372Z'
  ERROR: Build asset version error: assets/audio/scriptsofaudio.cs in SourceAssetDB has modification time of '2024-12-11T17:12:40.7060157Z' while content on disk has modification time of '2024-12-11T17:13:21.8894372Z'
Number of updated asset objects reloaded before import = 0
Number of asset objects unloaded after import = 0
========================================================================
Received Import Request.
  Time since last request: 0.000762 seconds.
  path: Assets/Audio/ScriptsOfAudio.cs
  artifactKey: Guid(c64a8c8d6dccf5044b08018ecc75d318) Importer(815301076,1909f56bfc062723c751e8b465ee728b)
Start importing Assets/Audio/ScriptsOfAudio.cs using Guid(c64a8c8d6dccf5044b08018ecc75d318) Importer(815301076,1909f56bfc062723c751e8b465ee728b) [PhysX] Initialized MultithreadedTaskDispatcher with 12 workers.
 -> (artifact id: '00000000000000000000000000000000') in 0.000470 seconds
Import Error Code:(4)
Message: Build asset version error: assets/audio/scriptsofaudio.cs in SourceAssetDB has modification time of '2024-12-11T17:12:40.7060157Z' while content on disk has modification time of '2024-12-11T17:13:21.8894372Z'
  ERROR: Build asset version error: assets/audio/scriptsofaudio.cs in SourceAssetDB has modification time of '2024-12-11T17:12:40.7060157Z' while content on disk has modification time of '2024-12-11T17:13:21.8894372Z'
Number of updated asset objects reloaded before import = 0
Number of asset objects unloaded after import = 0
========================================================================
Received Import Request.
  Time since last request: 0.001025 seconds.
  path: Assets/Audio/ScriptsOfAudio.cs
  artifactKey: Guid(c64a8c8d6dccf5044b08018ecc75d318) Importer(815301076,1909f56bfc062723c751e8b465ee728b)
Start importing Assets/Audio/ScriptsOfAudio.cs using Guid(c64a8c8d6dccf5044b08018ecc75d318) Importer(815301076,1909f56bfc062723c751e8b465ee728b) [PhysX] Initialized MultithreadedTaskDispatcher with 12 workers.
 -> (artifact id: '00000000000000000000000000000000') in 0.000442 seconds
Import Error Code:(4)
Message: Build asset version error: assets/audio/scriptsofaudio.cs in SourceAssetDB has modification time of '2024-12-11T17:12:40.7060157Z' while content on disk has modification time of '2024-12-11T17:13:21.8894372Z'
  ERROR: Build asset version error: assets/audio/scriptsofaudio.cs in SourceAssetDB has modification time of '2024-12-11T17:12:40.7060157Z' while content on disk has modification time of '2024-12-11T17:13:21.8894372Z'
Number of updated asset objects reloaded before import = 0
Number of asset objects unloaded after import = 0
========================================================================
Received Import Request.
  Time since last request: 0.000407 seconds.
  path: Assets/Audio/ScriptsOfAudio.cs
  artifactKey: Guid(c64a8c8d6dccf5044b08018ecc75d318) Importer(815301076,1909f56bfc062723c751e8b465ee728b)
Start importing Assets/Audio/ScriptsOfAudio.cs using Guid(c64a8c8d6dccf5044b08018ecc75d318) Importer(815301076,1909f56bfc062723c751e8b465ee728b) [PhysX] Initialized MultithreadedTaskDispatcher with 12 workers.
 -> (artifact id: '00000000000000000000000000000000') in 0.000435 seconds
Import Error Code:(4)
Message: Build asset version error: assets/audio/scriptsofaudio.cs in SourceAssetDB has modification time of '2024-12-11T17:12:40.7060157Z' while content on disk has modification time of '2024-12-11T17:13:21.8894372Z'
  ERROR: Build asset version error: assets/audio/scriptsofaudio.cs in SourceAssetDB has modification time of '2024-12-11T17:12:40.7060157Z' while content on disk has modification time of '2024-12-11T17:13:21.8894372Z'
Number of updated asset objects reloaded before import = 0
Number of asset objects unloaded after import = 0
========================================================================
Received Import Request.
  Time since last request: 0.007242 seconds.
  path: Assets/Audio/ScriptsOfAudio.cs
  artifactKey: Guid(c64a8c8d6dccf5044b08018ecc75d318) Importer(815301076,1909f56bfc062723c751e8b465ee728b)
Start importing Assets/Audio/ScriptsOfAudio.cs using Guid(c64a8c8d6dccf5044b08018ecc75d318) Importer(815301076,1909f56bfc062723c751e8b465ee728b) [PhysX] Initialized MultithreadedTaskDispatcher with 12 workers.
 -> (artifact id: '00000000000000000000000000000000') in 0.002767 seconds
Import Error Code:(4)
Message: Build asset version error: assets/audio/scriptsofaudio.cs in SourceAssetDB has modification time of '2024-12-11T17:12:40.7060157Z' while content on disk has modification time of '2024-12-11T17:13:21.8894372Z'
  ERROR: Build asset version error: assets/audio/scriptsofaudio.cs in SourceAssetDB has modification time of '2024-12-11T17:12:40.7060157Z' while content on disk has modification time of '2024-12-11T17:13:21.8894372Z'
Number of updated asset objects reloaded before import = 0
Number of asset objects unloaded after import = 0
========================================================================
Received Import Request.
  Time since last request: 0.015104 seconds.
  path: Assets/Audio/ScriptsOfAudio.cs
  artifactKey: Guid(c64a8c8d6dccf5044b08018ecc75d318) Importer(815301076,1909f56bfc062723c751e8b465ee728b)
Start importing Assets/Audio/ScriptsOfAudio.cs using Guid(c64a8c8d6dccf5044b08018ecc75d318) Importer(815301076,1909f56bfc062723c751e8b465ee728b) [PhysX] Initialized MultithreadedTaskDispatcher with 12 workers.
 -> (artifact id: '00000000000000000000000000000000') in 0.000628 seconds
Import Error Code:(4)
Message: Build asset version error: assets/audio/scriptsofaudio.cs in SourceAssetDB has modification time of '2024-12-11T17:12:40.7060157Z' while content on disk has modification time of '2024-12-11T17:13:21.8894372Z'
  ERROR: Build asset version error: assets/audio/scriptsofaudio.cs in SourceAssetDB has modification time of '2024-12-11T17:12:40.7060157Z' while content on disk has modification time of '2024-12-11T17:13:21.8894372Z'
Number of updated asset objects reloaded before import = 0
Number of asset objects unloaded after import = 0
========================================================================
Received Import Request.
  Time since last request: 0.000396 seconds.
  path: Assets/Audio/ScriptsOfAudio.cs
  artifactKey: Guid(c64a8c8d6dccf5044b08018ecc75d318) Importer(815301076,1909f56bfc062723c751e8b465ee728b)
Start importing Assets/Audio/ScriptsOfAudio.cs using Guid(c64a8c8d6dccf5044b08018ecc75d318) Importer(815301076,1909f56bfc062723c751e8b465ee728b) [PhysX] Initialized MultithreadedTaskDispatcher with 12 workers.
 -> (artifact id: '00000000000000000000000000000000') in 0.000444 seconds
Import Error Code:(4)
Message: Build asset version error: assets/audio/scriptsofaudio.cs in SourceAssetDB has modification time of '2024-12-11T17:12:40.7060157Z' while content on disk has modification time of '2024-12-11T17:13:21.8894372Z'
  ERROR: Build asset version error: assets/audio/scriptsofaudio.cs in SourceAssetDB has modification time of '2024-12-11T17:12:40.7060157Z' while content on disk has modification time of '2024-12-11T17:13:21.8894372Z'
Number of updated asset objects reloaded before import = 0
Number of asset objects unloaded after import = 0
========================================================================
Received Import Request.
  Time since last request: 0.021295 seconds.
  path: Assets/Audio/ScriptsOfAudio.cs
  artifactKey: Guid(c64a8c8d6dccf5044b08018ecc75d318) Importer(815301076,1909f56bfc062723c751e8b465ee728b)
Start importing Assets/Audio/ScriptsOfAudio.cs using Guid(c64a8c8d6dccf5044b08018ecc75d318) Importer(815301076,1909f56bfc062723c751e8b465ee728b) [PhysX] Initialized MultithreadedTaskDispatcher with 12 workers.
 -> (artifact id: 'e07b4979b583fe95648548ab582a5650') in 0.000483 seconds
Number of updated asset objects reloaded before import = 0
Number of asset objects unloaded after import = 0
========================================================================
Received Prepare
Caller must complete domain reload
Begin MonoManager ReloadAssembly
- Loaded All Assemblies, in  0.423 seconds
Native extension for WindowsStandalone target not found
Mono: successfully reloaded assembly
- Finished resetting the current domain, in  1.276 seconds
Domain Reload Profiling: 1699ms
	BeginReloadAssembly (140ms)
		ExecutionOrderSort (0ms)
		DisableScriptedObjects (4ms)
		BackupInstance (0ms)
		ReleaseScriptingObjects (0ms)
		CreateAndSetChildDomain (37ms)
	RebuildCommonClasses (32ms)
	RebuildNativeTypeToScriptingClass (9ms)
	initialDomainReloadingComplete (23ms)
	LoadAllAssembliesAndSetupDomain (218ms)
		LoadAssemblies (266ms)
		RebuildTransferFunctionScriptingTraits (0ms)
		AnalyzeDomain (21ms)
			TypeCache.Refresh (7ms)
				TypeCache.ScanAssembly (0ms)
			ScanForSourceGeneratedMonoScriptInfo (0ms)
			ResolveRequiredComponents (13ms)
	FinalizeReload (1277ms)
		ReleaseScriptCaches (0ms)
		RebuildScriptCaches (0ms)
		SetupLoadedEditorAssemblies (580ms)
			LogAssemblyErrors (0ms)
			InitializePlatformSupportModulesInManaged (5ms)
			SetLoadedEditorAssemblies (3ms)
			RefreshPlugins (0ms)
			BeforeProcessingInitializeOnLoad (77ms)
			ProcessInitializeOnLoadAttributes (464ms)
			ProcessInitializeOnLoadMethodAttributes (28ms)
			AfterProcessingInitializeOnLoad (3ms)
			EditorAssembliesLoaded (0ms)
		ExecutionOrderSort2 (0ms)
		AwakeInstancesAfterBackupRestoration (9ms)
Refreshing native plugins compatible for Editor in 2.25 ms, found 3 plugins.
Preloading 0 native plugins for Editor in 0.00 ms.
Unloading 7147 Unused Serialized files (Serialized files now loaded: 0)
Unloading 155 unused Assets / (14.2 MB). Loaded Objects now: 7853.
Memory consumption went from 284.3 MB to 270.0 MB.
Total: 6.360800 ms (FindLiveObjects: 0.513100 ms CreateObjectMapping: 0.212000 ms MarkObjects: 2.707700 ms  DeleteObjects: 2.926900 ms)

Prepare: number of updated asset objects reloaded= 0
AssetImportParameters requested are different than current active one (requested -> active):
  custom:container-demuxer-ogg: 62fdf1f143b41e24485cea50d1cbac27 -> 
  custom:framework-win-MediaFoundation: 216162199b28c13a410421893ffa2e32 -> 
  custom:container-muxer-webm: aa71ff27fc2769a1b78a27578f13a17b -> 
  custom:video-decoder-webm-vp8: 9c59270c3fd7afecdb556c50c9e8de78 -> 
  custom:SearchIndexIgnoredProperties: e643bd26f0fe6173181afceb89e7c659 -> 
  custom:AudioImporter_EditorPlatform: d09bf68614088b80899f8185d706f6e7 -> 
  custom:audio-decoder-ogg-vorbis: bf7c407c2cedff20999df2af8eb42d56 -> 
  custom:audio-encoder-webm-vorbis: bf7c407c2cedff20999df2af8eb42d56 -> 
  custom:scripting/precompiled-assembly-types:Assembly-CSharp: 01f633c603c4e26429b3af5b47aeb6fe -> b0427b41698287b657c849f7a7db314f
  custom:video-decoder-ogg-theora: a1e56fd34408186e4bbccfd4996cb3dc -> 
  custom:CustomObjectIndexerAttribute: 72b91833f83ae208fae7752999fa3104 -> 
  custom:container-demuxer-webm: 4f35f7cbe854078d1ac9338744f61a02 -> 
  custom:scripting/monoscript/fileName/ScriptsOfAudio.cs: 9a777ff585479e5519c5a585f2525a54 -> 
  custom:video-encoder-webm-vp8: eb34c28f22e8b96e1ab97ce403110664 -> 
========================================================================
Received Import Request.
  Time since last request: 338.472427 seconds.
  path: Assets/Footsteps - Essentials
  artifactKey: Guid(fa4924d8484d34748ba140de76e7d8c8) Importer(815301076,1909f56bfc062723c751e8b465ee728b)
Start importing Assets/Footsteps - Essentials using Guid(fa4924d8484d34748ba140de76e7d8c8) Importer(815301076,1909f56bfc062723c751e8b465ee728b) [PhysX] Initialized MultithreadedTaskDispatcher with 12 workers.
 -> (artifact id: '76efd1ffd4f000213b0ff723055b8815') in 0.013420 seconds
Number of updated asset objects reloaded before import = 0
Number of asset objects unloaded after import = 0
========================================================================
Received Import Request.
  Time since last request: 1.662961 seconds.
  path: Assets/Footsteps - Essentials/Footsteps_Wood
  artifactKey: Guid(1eecb70b032a2f3408a0684950c21867) Importer(815301076,1909f56bfc062723c751e8b465ee728b)
Start importing Assets/Footsteps - Essentials/Footsteps_Wood using Guid(1eecb70b032a2f3408a0684950c21867) Importer(815301076,1909f56bfc062723c751e8b465ee728b) [PhysX] Initialized MultithreadedTaskDispatcher with 12 workers.
 -> (artifact id: 'b4b5cebf2845a5828c09e81093b81c95') in 0.000445 seconds
Number of updated asset objects reloaded before import = 0
Number of asset objects unloaded after import = 0
========================================================================
Received Import Request.
  Time since last request: 0.909329 seconds.
  path: Assets/Footsteps - Essentials/Footsteps_Wood/Footsteps_Wood_Walk
  artifactKey: Guid(bd5f0993cad8f9d4cbbe818c538c770b) Importer(815301076,1909f56bfc062723c751e8b465ee728b)
Start importing Assets/Footsteps - Essentials/Footsteps_Wood/Footsteps_Wood_Walk using Guid(bd5f0993cad8f9d4cbbe818c538c770b) Importer(815301076,1909f56bfc062723c751e8b465ee728b) [PhysX] Initialized MultithreadedTaskDispatcher with 12 workers.
 -> (artifact id: 'e1ddaff29d41eff46e75188c5041a5c0') in 0.000585 seconds
Number of updated asset objects reloaded before import = 0
Number of asset objects unloaded after import = 0
========================================================================
Received Import Request.
  Time since last request: 0.716662 seconds.
  path: Assets/Footsteps - Essentials/Footsteps_Wood/Footsteps_Wood_Run
  artifactKey: Guid(796417c01dee09040a6f8f203d99b894) Importer(815301076,1909f56bfc062723c751e8b465ee728b)
Start importing Assets/Footsteps - Essentials/Footsteps_Wood/Footsteps_Wood_Run using Guid(796417c01dee09040a6f8f203d99b894) Importer(815301076,1909f56bfc062723c751e8b465ee728b) [PhysX] Initialized MultithreadedTaskDispatcher with 12 workers.
 -> (artifact id: '7ad9dd1c2ca944714f51c1f2277818a2') in 0.000434 seconds
Number of updated asset objects reloaded before import = 0
Number of asset objects unloaded after import = 0
========================================================================
Received Import Request.
  Time since last request: 0.661822 seconds.
  path: Assets/Footsteps - Essentials/Footsteps_Wood/Footsteps_Wood_Jump
  artifactKey: Guid(3e39f42e406562a4ca22563d6cc49192) Importer(815301076,1909f56bfc062723c751e8b465ee728b)
Start importing Assets/Footsteps - Essentials/Footsteps_Wood/Footsteps_Wood_Jump using Guid(3e39f42e406562a4ca22563d6cc49192) Importer(815301076,1909f56bfc062723c751e8b465ee728b) [PhysX] Initialized MultithreadedTaskDispatcher with 12 workers.
 -> (artifact id: '0b62915e584c7a841e5d55a581980f65') in 0.000445 seconds
Number of updated asset objects reloaded before import = 0
Number of asset objects unloaded after import = 0
========================================================================
Received Import Request.
  Time since last request: 0.581106 seconds.
  path: Assets/Footsteps - Essentials/Footsteps_Wood/Footsteps_Wood_Jump/Footsteps_Wood_Jump_Land_01.wav
  artifactKey: Guid(bb5ec83ccc5c69f43b31f100278bff91) Importer(815301076,1909f56bfc062723c751e8b465ee728b)
Start importing Assets/Footsteps - Essentials/Footsteps_Wood/Footsteps_Wood_Jump/Footsteps_Wood_Jump_Land_01.wav using Guid(bb5ec83ccc5c69f43b31f100278bff91) Importer(815301076,1909f56bfc062723c751e8b465ee728b) [PhysX] Initialized MultithreadedTaskDispatcher with 12 workers.
[PhysX] Initialized MultithreadedTaskDispatcher with 12 workers.
 -> (artifact id: 'b9e8000da4e16c9f473402d7bc739616') in 0.043390 seconds
Number of updated asset objects reloaded before import = 0
Number of asset objects unloaded after import = 2
========================================================================
Received Import Request.
  Time since last request: 0.000019 seconds.
  path: Assets/Footsteps - Essentials/Footsteps_Wood/Footsteps_Wood_Jump/Footsteps_Wood_Jump_Start_02.wav
  artifactKey: Guid(fcbaf164018fc614a9729400cf40f9de) Importer(815301076,1909f56bfc062723c751e8b465ee728b)
Start importing Assets/Footsteps - Essentials/Footsteps_Wood/Footsteps_Wood_Jump/Footsteps_Wood_Jump_Start_02.wav using Guid(fcbaf164018fc614a9729400cf40f9de) Importer(815301076,1909f56bfc062723c751e8b465ee728b) [PhysX] Initialized MultithreadedTaskDispatcher with 12 workers.
[PhysX] Initialized MultithreadedTaskDispatcher with 12 workers.
 -> (artifact id: '50d3e6ae933842bcdde854882d94bea9') in 0.021889 seconds
Number of updated asset objects reloaded before import = 0
Number of asset objects unloaded after import = 2
========================================================================
Received Import Request.
  Time since last request: 0.000020 seconds.
  path: Assets/Footsteps - Essentials/Footsteps_Wood/Footsteps_Wood_Jump/Footsteps_Wood_Jump_Start_01.wav
  artifactKey: Guid(7d22997c3222c124d91d351ddc1c6ee4) Importer(815301076,1909f56bfc062723c751e8b465ee728b)
Start importing Assets/Footsteps - Essentials/Footsteps_Wood/Footsteps_Wood_Jump/Footsteps_Wood_Jump_Start_01.wav using Guid(7d22997c3222c124d91d351ddc1c6ee4) Importer(815301076,1909f56bfc062723c751e8b465ee728b) [PhysX] Initialized MultithreadedTaskDispatcher with 12 workers.
[PhysX] Initialized MultithreadedTaskDispatcher with 12 workers.
 -> (artifact id: 'e3a6a8a621e53bb8f7c78c03378722c3') in 0.016150 seconds
Number of updated asset objects reloaded before import = 0
Number of asset objects unloaded after import = 2
========================================================================
Received Import Request.
  Time since last request: 2.324196 seconds.
  path: Assets/Footsteps - Essentials/Footsteps_Wood/Footsteps_Wood_Walk/Footsteps_Wood_Walk_01.wav
  artifactKey: Guid(8e001351cd7065543a068386cde4c960) Importer(815301076,1909f56bfc062723c751e8b465ee728b)
Start importing Assets/Footsteps - Essentials/Footsteps_Wood/Footsteps_Wood_Walk/Footsteps_Wood_Walk_01.wav using Guid(8e001351cd7065543a068386cde4c960) Importer(815301076,1909f56bfc062723c751e8b465ee728b) [PhysX] Initialized MultithreadedTaskDispatcher with 12 workers.
[PhysX] Initialized MultithreadedTaskDispatcher with 12 workers.
 -> (artifact id: 'f21fad1a11df25d554bcffa114f8beab') in 0.016579 seconds
Number of updated asset objects reloaded before import = 0
Number of asset objects unloaded after import = 2
========================================================================
Received Import Request.
  Time since last request: 0.000023 seconds.
  path: Assets/Footsteps - Essentials/Footsteps_Wood/Footsteps_Wood_Walk/Footsteps_Wood_Walk_08.wav
  artifactKey: Guid(eea9624d96ae191439615ca598fe01fa) Importer(815301076,1909f56bfc062723c751e8b465ee728b)
Start importing Assets/Footsteps - Essentials/Footsteps_Wood/Footsteps_Wood_Walk/Footsteps_Wood_Walk_08.wav using Guid(eea9624d96ae191439615ca598fe01fa) Importer(815301076,1909f56bfc062723c751e8b465ee728b) [PhysX] Initialized MultithreadedTaskDispatcher with 12 workers.
[PhysX] Initialized MultithreadedTaskDispatcher with 12 workers.
 -> (artifact id: 'a6095b20778f544f7871de65a65d67fd') in 0.013586 seconds
Number of updated asset objects reloaded before import = 0
Number of asset objects unloaded after import = 2
========================================================================
Received Import Request.
  Time since last request: 0.000018 seconds.
  path: Assets/Footsteps - Essentials/Footsteps_Wood/Footsteps_Wood_Walk/Footsteps_Wood_Walk_10.wav
  artifactKey: Guid(ec4bd5988d7de0c41ab2d9959705dd8b) Importer(815301076,1909f56bfc062723c751e8b465ee728b)
Start importing Assets/Footsteps - Essentials/Footsteps_Wood/Footsteps_Wood_Walk/Footsteps_Wood_Walk_10.wav using Guid(ec4bd5988d7de0c41ab2d9959705dd8b) Importer(815301076,1909f56bfc062723c751e8b465ee728b) [PhysX] Initialized MultithreadedTaskDispatcher with 12 workers.
[PhysX] Initialized MultithreadedTaskDispatcher with 12 workers.
 -> (artifact id: '0f5c8f505c936416c0a5269084f8ef94') in 0.013924 seconds
Number of updated asset objects reloaded before import = 0
Number of asset objects unloaded after import = 2
========================================================================
Received Import Request.
  Time since last request: 0.000018 seconds.
  path: Assets/Footsteps - Essentials/Footsteps_Wood/Footsteps_Wood_Walk/Footsteps_Wood_Walk_06.wav
  artifactKey: Guid(3af6e561e364a274aa306461461c386b) Importer(815301076,1909f56bfc062723c751e8b465ee728b)
Start importing Assets/Footsteps - Essentials/Footsteps_Wood/Footsteps_Wood_Walk/Footsteps_Wood_Walk_06.wav using Guid(3af6e561e364a274aa306461461c386b) Importer(815301076,1909f56bfc062723c751e8b465ee728b) [PhysX] Initialized MultithreadedTaskDispatcher with 12 workers.
[PhysX] Initialized MultithreadedTaskDispatcher with 12 workers.
 -> (artifact id: '33d4449a6dd475b131c56a9b9d77826b') in 0.013392 seconds
Number of updated asset objects reloaded before import = 0
Number of asset objects unloaded after import = 2
========================================================================
Received Import Request.
  Time since last request: 0.000020 seconds.
  path: Assets/Footsteps - Essentials/Footsteps_Wood/Footsteps_Wood_Walk/Footsteps_Wood_Walk_07.wav
  artifactKey: Guid(30668cf6c5cbfef478b0812fc59eb646) Importer(815301076,1909f56bfc062723c751e8b465ee728b)
Start importing Assets/Footsteps - Essentials/Footsteps_Wood/Footsteps_Wood_Walk/Footsteps_Wood_Walk_07.wav using Guid(30668cf6c5cbfef478b0812fc59eb646) Importer(815301076,1909f56bfc062723c751e8b465ee728b) [PhysX] Initialized MultithreadedTaskDispatcher with 12 workers.
[PhysX] Initialized MultithreadedTaskDispatcher with 12 workers.
 -> (artifact id: 'ad287cbea8702701afb5b1375f645754') in 0.013957 seconds
Number of updated asset objects reloaded before import = 0
Number of asset objects unloaded after import = 2
========================================================================
Received Import Request.
  Time since last request: 24.502306 seconds.
  path: Assets/Footsteps - Essentials/Footsteps_Wood/Footsteps_Wood_Run/Footsteps_Wood_Run_02.wav
  artifactKey: Guid(7ffe843b3b9c8d14792d912d39646105) Importer(815301076,1909f56bfc062723c751e8b465ee728b)
Start importing Assets/Footsteps - Essentials/Footsteps_Wood/Footsteps_Wood_Run/Footsteps_Wood_Run_02.wav using Guid(7ffe843b3b9c8d14792d912d39646105) Importer(815301076,1909f56bfc062723c751e8b465ee728b) [PhysX] Initialized MultithreadedTaskDispatcher with 12 workers.
[PhysX] Initialized MultithreadedTaskDispatcher with 12 workers.
 -> (artifact id: '2f4344e877d8c1d9f8543e5232263b8d') in 0.014474 seconds
Number of updated asset objects reloaded before import = 0
Number of asset objects unloaded after import = 2
========================================================================
Received Import Request.
  Time since last request: 0.000019 seconds.
  path: Assets/Footsteps - Essentials/Footsteps_Wood/Footsteps_Wood_Run/Footsteps_Wood_Run_07.wav
  artifactKey: Guid(b30822d7e7d412d459397d0749be742a) Importer(815301076,1909f56bfc062723c751e8b465ee728b)
Start importing Assets/Footsteps - Essentials/Footsteps_Wood/Footsteps_Wood_Run/Footsteps_Wood_Run_07.wav using Guid(b30822d7e7d412d459397d0749be742a) Importer(815301076,1909f56bfc062723c751e8b465ee728b) [PhysX] Initialized MultithreadedTaskDispatcher with 12 workers.
[PhysX] Initialized MultithreadedTaskDispatcher with 12 workers.
 -> (artifact id: '04506541e8166c888c03a1483e56eef6') in 0.013564 seconds
Number of updated asset objects reloaded before import = 0
Number of asset objects unloaded after import = 2
========================================================================
Received Import Request.
  Time since last request: 0.000025 seconds.
  path: Assets/Footsteps - Essentials/Footsteps_Wood/Footsteps_Wood_Run/Footsteps_Wood_Run_06.wav
  artifactKey: Guid(cee4ef3ef0fd155409f7b5a5162cece8) Importer(815301076,1909f56bfc062723c751e8b465ee728b)
Start importing Assets/Footsteps - Essentials/Footsteps_Wood/Footsteps_Wood_Run/Footsteps_Wood_Run_06.wav using Guid(cee4ef3ef0fd155409f7b5a5162cece8) Importer(815301076,1909f56bfc062723c751e8b465ee728b) [PhysX] Initialized MultithreadedTaskDispatcher with 12 workers.
[PhysX] Initialized MultithreadedTaskDispatcher with 12 workers.
 -> (artifact id: '8d496c5a83130da90f1da7ad7c9de8d3') in 0.014892 seconds
Number of updated asset objects reloaded before import = 0
Number of asset objects unloaded after import = 2
========================================================================
Received Import Request.
  Time since last request: 0.000028 seconds.
  path: Assets/Footsteps - Essentials/Footsteps_Wood/Footsteps_Wood_Run/Footsteps_Wood_Run_10.wav
  artifactKey: Guid(75d4e54cf94712d4e8de7ce385abceb2) Importer(815301076,1909f56bfc062723c751e8b465ee728b)
Start importing Assets/Footsteps - Essentials/Footsteps_Wood/Footsteps_Wood_Run/Footsteps_Wood_Run_10.wav using Guid(75d4e54cf94712d4e8de7ce385abceb2) Importer(815301076,1909f56bfc062723c751e8b465ee728b) [PhysX] Initialized MultithreadedTaskDispatcher with 12 workers.
[PhysX] Initialized MultithreadedTaskDispatcher with 12 workers.
 -> (artifact id: '86a9b89a9d00cda3ef6f4c50a190d2f1') in 0.013273 seconds
Number of updated asset objects reloaded before import = 0
Number of asset objects unloaded after import = 2
========================================================================
Received Prepare
Caller must complete domain reload
Begin MonoManager ReloadAssembly
- Loaded All Assemblies, in  0.422 seconds
Native extension for WindowsStandalone target not found
Mono: successfully reloaded assembly
- Finished resetting the current domain, in  1.383 seconds
Domain Reload Profiling: 1804ms
	BeginReloadAssembly (139ms)
		ExecutionOrderSort (0ms)
		DisableScriptedObjects (4ms)
		BackupInstance (0ms)
		ReleaseScriptingObjects (0ms)
		CreateAndSetChildDomain (37ms)
	RebuildCommonClasses (26ms)
	RebuildNativeTypeToScriptingClass (9ms)
	initialDomainReloadingComplete (23ms)
	LoadAllAssembliesAndSetupDomain (224ms)
		LoadAssemblies (270ms)
		RebuildTransferFunctionScriptingTraits (0ms)
		AnalyzeDomain (23ms)
			TypeCache.Refresh (9ms)
				TypeCache.ScanAssembly (0ms)
			ScanForSourceGeneratedMonoScriptInfo (0ms)
			ResolveRequiredComponents (13ms)
	FinalizeReload (1383ms)
		ReleaseScriptCaches (0ms)
		RebuildScriptCaches (0ms)
		SetupLoadedEditorAssemblies (610ms)
			LogAssemblyErrors (0ms)
			InitializePlatformSupportModulesInManaged (5ms)
			SetLoadedEditorAssemblies (3ms)
			RefreshPlugins (0ms)
			BeforeProcessingInitializeOnLoad (76ms)
			ProcessInitializeOnLoadAttributes (489ms)
			ProcessInitializeOnLoadMethodAttributes (33ms)
			AfterProcessingInitializeOnLoad (4ms)
			EditorAssembliesLoaded (0ms)
		ExecutionOrderSort2 (0ms)
		AwakeInstancesAfterBackupRestoration (9ms)
Refreshing native plugins compatible for Editor in 9.19 ms, found 3 plugins.
Preloading 0 native plugins for Editor in 0.00 ms.
Unloading 7147 Unused Serialized files (Serialized files now loaded: 0)
Unloading 155 unused Assets / (14.2 MB). Loaded Objects now: 7869.
Memory consumption went from 284.3 MB to 270.0 MB.
Total: 13.706800 ms (FindLiveObjects: 1.867600 ms CreateObjectMapping: 1.029700 ms MarkObjects: 4.820300 ms  DeleteObjects: 5.987400 ms)

Prepare: number of updated asset objects reloaded= 0
AssetImportParameters requested are different than current active one (requested -> active):
  custom:container-demuxer-ogg: 62fdf1f143b41e24485cea50d1cbac27 -> 
  custom:framework-win-MediaFoundation: 216162199b28c13a410421893ffa2e32 -> 
  custom:container-muxer-webm: aa71ff27fc2769a1b78a27578f13a17b -> 
  custom:video-decoder-webm-vp8: 9c59270c3fd7afecdb556c50c9e8de78 -> 
  custom:SearchIndexIgnoredProperties: e643bd26f0fe6173181afceb89e7c659 -> 
  custom:AudioImporter_EditorPlatform: d09bf68614088b80899f8185d706f6e7 -> 
  custom:audio-decoder-ogg-vorbis: bf7c407c2cedff20999df2af8eb42d56 -> 
  custom:audio-encoder-webm-vorbis: bf7c407c2cedff20999df2af8eb42d56 -> 
  custom:scripting/precompiled-assembly-types:Assembly-CSharp: 01f633c603c4e26429b3af5b47aeb6fe -> b0427b41698287b657c849f7a7db314f
  custom:video-decoder-ogg-theora: a1e56fd34408186e4bbccfd4996cb3dc -> 
  custom:CustomObjectIndexerAttribute: 72b91833f83ae208fae7752999fa3104 -> 
  custom:container-demuxer-webm: 4f35f7cbe854078d1ac9338744f61a02 -> 
  custom:scripting/monoscript/fileName/ScriptsOfAudio.cs: 9a777ff585479e5519c5a585f2525a54 -> 
  custom:video-encoder-webm-vp8: eb34c28f22e8b96e1ab97ce403110664 -> 
Editor requested this worker to shutdown with reason: Scaling down because of idle timeout
TcpMessagingSession - receive error: operation aborted. errorcode: 995, details:  /   -       .
AssetImportWorker is now disconnected from the server
Process exiting
Exiting without the bug reporter. Application will terminate with return code 0